<?xml version="1.0" encoding="UTF-8"?>
<robot generator="Robot 3.2.1 (Python 3.7.4 on darwin)" generated="20200828 16:54:33.247" rpa="false">
<suite id="s1" name="Checkin" source="/Users/pallat/projects/bootcamp/testing/checkin.robot">
<test id="s1-t1" name="Check-in To KhaoYai">
<kw name="Given Open ThaiChana App At KhaoYai">
<kw name="Open Browser" library="SeleniumLibrary">
<doc>Opens a new browser instance to the optional ``url``.</doc>
<arguments>
<arg>about:blank</arg>
<arg>chrome</arg>
</arguments>
<msg timestamp="20200828 16:54:33.447" level="INFO">Opening browser 'chrome' to base url 'about:blank'.</msg>
<status status="PASS" starttime="20200828 16:54:33.447" endtime="20200828 16:54:35.982"></status>
</kw>
<kw name="Go To" library="SeleniumLibrary">
<doc>Navigates the current browser window to the provided ``url``.</doc>
<arguments>
<arg>${url_thaichana}</arg>
</arguments>
<msg timestamp="20200828 16:54:35.983" level="INFO">Opening url 'https://thaichanabe.azurewebsites.net'</msg>
<kw name="Capture Page Screenshot" library="SeleniumLibrary">
<doc>Takes a screenshot of the current page and embeds it into a log file.</doc>
<status status="FAIL" starttime="20200828 16:55:30.091" endtime="20200828 16:55:30.091"></status>
</kw>
<msg timestamp="20200828 16:55:30.091" level="WARN">Keyword 'Capture Page Screenshot' could not be run on failure: Execution terminated by signal</msg>
<status status="FAIL" starttime="20200828 16:54:35.983" endtime="20200828 16:55:30.091"></status>
</kw>
<status status="FAIL" starttime="20200828 16:54:33.446" endtime="20200828 16:55:30.092"></status>
</kw>
<status status="FAIL" starttime="20200828 16:54:33.446" endtime="20200828 16:55:30.092" critical="yes">Execution terminated by signal</status>
</test>
<test id="s1-t2" name="Check-out From KhaoYai">
<tags>
<tag>robot:exit</tag>
</tags>
<status status="FAIL" starttime="20200828 16:55:30.094" endtime="20200828 16:55:30.094" critical="yes">Test execution stopped due to a fatal error.</status>
</test>
<status status="FAIL" starttime="20200828 16:54:33.248" endtime="20200828 16:55:30.095"></status>
</suite>
<statistics>
<total>
<stat pass="0" fail="2">Critical Tests</stat>
<stat pass="0" fail="2">All Tests</stat>
</total>
<tag>
<stat pass="0" fail="1" info="combined" combined="NOT robot:exit">NOT robot:exit</stat>
<stat pass="0" fail="1">robot:exit</stat>
</tag>
<suite>
<stat pass="0" fail="2" id="s1" name="Checkin">Checkin</stat>
</suite>
</statistics>
<errors>
<msg timestamp="20200828 16:55:30.091" level="WARN">Keyword 'Capture Page Screenshot' could not be run on failure: Execution terminated by signal</msg>
</errors>
</robot>
